生成启动时间为 2020/5/11 17:24:36。
     1>项目“E:\C++ Project\Network\NetControl\src\RemoteControl\RemoteControl.vcxproj”在节点 2 上(Build 个目标)。
     1>C:\Program Files (x86)\MSBuild\Microsoft.Cpp\v4.0\V140\Microsoft.CppBuild.targets(368,5): warning MSB8004: Output Directory does not end with a trailing slash.  This build instance will add the slash as it is required to allow proper evaluation of the Output Directory.
     1>C:\Program Files (x86)\MSBuild\Microsoft.Cpp\v4.0\V140\Microsoft.CppBuild.targets(392,5): warning MSB8028: The intermediate directory (Release\) contains files shared from another project (RemoteControl.vcxproj).  This can lead to incorrect clean and rebuild behavior.
     1>QtVars:
         Reading Qt configuration (E:\technology\Qt5.11.2\5.11.2\msvc2015\bin\qmake.exe)
         WHERE /Q cl.exe
         ("E:\technology\Qt5.11.2\5.11.2\msvc2015\bin\qmake.exe") 1> qtvars.log 2>&1
     1>项目“E:\C++ Project\Network\NetControl\src\RemoteControl\RemoteControl.vcxproj”(1)正在节点 2 上生成“E:\C++ Project\Network\NetControl\src\RemoteControl\RemoteControl.vcxproj”(1:2) (Build 个目标)。
     1>C:\Program Files (x86)\MSBuild\Microsoft.Cpp\v4.0\V140\Microsoft.CppBuild.targets(368,5): warning MSB8004: Output Directory does not end with a trailing slash.  This build instance will add the slash as it is required to allow proper evaluation of the Output Directory.
     1>C:\Program Files (x86)\MSBuild\Microsoft.Cpp\v4.0\V140\Microsoft.CppBuild.targets(392,5): warning MSB8028: The intermediate directory (Release\) contains files shared from another project (RemoteControl.vcxproj).  This can lead to incorrect clean and rebuild behavior.
     1>QtRccSetDependencies:
         "E:\technology\Qt5.11.2\5.11.2\msvc2015\bin\rcc.exe" --list "RemoteControl.qrc" > "Release\rcc_list.txt" 2> nul
       QtWork:
         rcc RemoteControl.qrc
       ClCompile:
         E:\technology\VS2015\VC\bin\CL.exe /c /IRelease\moc /IE:\technology\Qt5.11.2\5.11.2\msvc2015\include /I..\..\include /IE:\technology\Qt5.11.2\5.11.2\msvc2015\include /IE:\technology\Qt5.11.2\5.11.2\msvc2015\include\QtQuickWidgets /IE:\technology\Qt5.11.2\5.11.2\msvc2015\include\QtQuick /IE:\technology\Qt5.11.2\5.11.2\msvc2015\include\QtWidgets /IE:\technology\Qt5.11.2\5.11.2\msvc2015\include\QtGui /IE:\technology\Qt5.11.2\5.11.2\msvc2015\include\QtANGLE /IE:\technology\Qt5.11.2\5.11.2\msvc2015\include\QtQml /IE:\technology\Qt5.11.2\5.11.2\msvc2015\include\QtNetwork /IE:\technology\Qt5.11.2\5.11.2\msvc2015\include\QtXml /IE:\technology\Qt5.11.2\5.11.2\msvc2015\include\QtCore /I\include /I"E:\technology\Qt5.11.2\5.11.2\msvc2015\mkspecs\win32-msvc" /IRelease\moc /nologo /W1 /WX- /MP /O2 /Oy- /D UNICODE /D _UNICODE /D WIN32 /D QT_NO_DEBUG /D QT_QUICKWIDGETS_LIB /D QT_QUICK_LIB /D QT_WIDGETS_LIB /D QT_GUI_LIB /D QT_QML_LIB /D QT_NETWORK_LIB /D QT_XML_LIB /D QT_CORE_LIB /D NDEBUG /Gm- /EHsc /MD /GS /fp:precise /Zc:wchar_t /Zc:forScope /Zc:inline /Fo"Release\\" /Fd"Release\vc140.pdb" /Gd /TP /analyze- /errorReport:prompt Common.cpp ForgetPasswd.cpp main.cpp MyPromptBox.cpp StackedWidget.cpp NetConfig.cpp WifiItemWidget.cpp WifiPasswdInput.cpp WirelessCon.cpp XmlHelper.cpp
         Common.cpp
         ForgetPasswd.cpp
         main.cpp
         MyPromptBox.cpp
         StackedWidget.cpp
         NetConfig.cpp
         WifiItemWidget.cpp
         WifiPasswdInput.cpp
         WirelessCon.cpp
         XmlHelper.cpp
         E:\technology\VS2015\VC\bin\CL.exe /c /IRelease\moc /I"E:\C++ Project\Network\NetControl\src\RemoteControl\\" /IE:\technology\Qt5.11.2\5.11.2\msvc2015\include /I..\..\include /IE:\technology\Qt5.11.2\5.11.2\msvc2015\include /IE:\technology\Qt5.11.2\5.11.2\msvc2015\include\QtQuickWidgets /IE:\technology\Qt5.11.2\5.11.2\msvc2015\include\QtQuick /IE:\technology\Qt5.11.2\5.11.2\msvc2015\include\QtWidgets /IE:\technology\Qt5.11.2\5.11.2\msvc2015\include\QtGui /IE:\technology\Qt5.11.2\5.11.2\msvc2015\include\QtANGLE /IE:\technology\Qt5.11.2\5.11.2\msvc2015\include\QtQml /IE:\technology\Qt5.11.2\5.11.2\msvc2015\include\QtNetwork /IE:\technology\Qt5.11.2\5.11.2\msvc2015\include\QtXml /IE:\technology\Qt5.11.2\5.11.2\msvc2015\include\QtCore /I\include /I"E:\technology\Qt5.11.2\5.11.2\msvc2015\mkspecs\win32-msvc" /IRelease\moc /nologo /W1 /WX- /MP /O2 /Oy- /D UNICODE /D _UNICODE /D WIN32 /D QT_NO_DEBUG /D QT_QUICKWIDGETS_LIB /D QT_QUICK_LIB /D QT_WIDGETS_LIB /D QT_GUI_LIB /D QT_QML_LIB /D QT_NETWORK_LIB /D QT_XML_LIB /D QT_CORE_LIB /D NDEBUG /Gm- /EHsc /MD /GS /fp:precise /Zc:wchar_t /Zc:forScope /Zc:inline /Fo"Release\\" /Fd"Release\vc140.pdb" /Gd /TP /analyze- /errorReport:prompt Release\\moc\moc_WifiItemWidget.cpp Release\\moc\moc_WifiPasswdInput.cpp Release\\moc\moc_ForgetPasswd.cpp Release\\moc\moc_WirelessCon.cpp Release\\moc\moc_StackedWidget.cpp Release\\moc\moc_NetConfig.cpp Release\\moc\moc_MyPromptBox.cpp Release\\rcc\qrc_RemoteControl.cpp
         moc_WifiItemWidget.cpp
         moc_WifiPasswdInput.cpp
         moc_ForgetPasswd.cpp
         moc_WirelessCon.cpp
         moc_StackedWidget.cpp
         moc_NetConfig.cpp
         moc_MyPromptBox.cpp
         qrc_RemoteControl.cpp
       Link:
         E:\technology\VS2015\VC\bin\link.exe /ERRORREPORT:PROMPT /OUT:"..\..\bin\Release\\NetControl.exe" /NOLOGO /LIBPATH:..\..\lib /LIBPATH:E:\technology\Qt5.11.2\5.11.2\msvc2015\lib /LIBPATH:C:\opensslx86\lib /LIBPATH:"C:\Utils\my_sql\mysql-5.6.11-win32\lib" /LIBPATH:C:\Utils\postgresqlx86\pgsql\lib E:\technology\Qt5.11.2\5.11.2\msvc2015\lib\qtmain.lib shell32.lib E:\technology\Qt5.11.2\5.11.2\msvc2015\lib\Qt5QuickWidgets.lib E:\technology\Qt5.11.2\5.11.2\msvc2015\lib\Qt5Quick.lib E:\technology\Qt5.11.2\5.11.2\msvc2015\lib\Qt5Widgets.lib E:\technology\Qt5.11.2\5.11.2\msvc2015\lib\Qt5Gui.lib E:\technology\Qt5.11.2\5.11.2\msvc2015\lib\Qt5Qml.lib E:\technology\Qt5.11.2\5.11.2\msvc2015\lib\Qt5Network.lib E:\technology\Qt5.11.2\5.11.2\msvc2015\lib\Qt5Xml.lib E:\technology\Qt5.11.2\5.11.2\msvc2015\lib\Qt5Core.lib kernel32.lib user32.lib gdi32.lib winspool.lib comdlg32.lib advapi32.lib shell32.lib ole32.lib oleaut32.lib uuid.lib odbc32.lib odbccp32.lib /MANIFEST /MANIFESTUAC:"level='asInvoker' uiAccess='false'" /manifest:embed /PDB:"..\..\bin\Release\NetControl.pdb" /SUBSYSTEM:WINDOWS /TLBID:1 /DYNAMICBASE /NXCOMPAT /IMPLIB:"..\..\bin\Release\NetControl.lib" /MACHINE:X86 /SAFESEH Release\Common.obj
         Release\ForgetPasswd.obj
         Release\main.obj
         Release\MyPromptBox.obj
         Release\StackedWidget.obj
         Release\NetConfig.obj
         Release\WifiItemWidget.obj
         Release\WifiPasswdInput.obj
         Release\WirelessCon.obj
         Release\XmlHelper.obj
         Release\moc_WifiItemWidget.obj
         Release\moc_WifiPasswdInput.obj
         Release\moc_ForgetPasswd.obj
         Release\moc_WirelessCon.obj
         Release\moc_StackedWidget.obj
         Release\moc_NetConfig.obj
         Release\moc_MyPromptBox.obj
         Release\qrc_RemoteControl.obj
         RemoteControl.vcxproj -> E:\C++ Project\Network\NetControl\src\RemoteControl\..\..\bin\Release\NetControl.exe
     1>已完成生成项目“E:\C++ Project\Network\NetControl\src\RemoteControl\RemoteControl.vcxproj”(Build 个目标)的操作。
     1>已完成生成项目“E:\C++ Project\Network\NetControl\src\RemoteControl\RemoteControl.vcxproj”(Build 个目标)的操作。

已成功生成。

已用时间 00:00:11.58
